2026-04-09 22:25:35,436 [INFO] Activator:176 - 


2026-04-09 22:25:35,441 [INFO] Activator:177 - !SESSION log4j initialized
2026-04-09 22:25:41,263 [INFO] LogOutputStream:77 - [STDOUT_REDIRECT] 
2026-04-09 22:25:42,376 [INFO] ApplicationProperties:184 - Using Application install path: C:\ST\STM32CubeIDE_1.19.0\STM32CubeIDE\plugins\com.st.stm32cube.common.mx_6.15.0.202507011659
2026-04-09 22:25:42,405 [INFO] DbMcusXml:78 - Set database path to: C:\ST\STM32CubeIDE_1.19.0\STM32CubeIDE\plugins\com.st.stm32cube.common.mx_6.15.0.202507011659\\db\/mcu/
2026-04-09 22:25:42,406 [INFO] ApiDb:274 - Set plugin database path to: C:\ST\STM32CubeIDE_1.19.0\STM32CubeIDE\plugins\com.st.stm32cube.common.mx_6.15.0.202507011659\\db\/plugins/boardmanager/
2026-04-09 22:25:42,406 [WARN] ApiDb:259 - Overriding images path with different value:  => C:\ST\STM32CubeIDE_1.19.0\STM32CubeIDE\plugins\com.st.stm32cube.common.mx_6.15.0.202507011659\\db\/plugins/mcufinder/images/
2026-04-09 22:25:42,423 [INFO] ApiDb:250 - Set database path to: C:\Users\NBNB\.stmcufinder\plugins\mcufinder//mcu/
2026-04-09 22:25:42,425 [INFO] DbMcusAds:125 - Set database path to: C:\Users\NBNB\.stmcufinder\plugins\mcufinder//mcu/
2026-04-09 22:25:42,429 [INFO] CrossReferenceDbSqlite:203 - Set database path to: C:\Users\NBNB\.stmcufinder\plugins\mcufinder//mcu/cs/
2026-04-09 22:25:42,624 [INFO] RulesReader:64 - Compatibility file has been processed (317 Rules)
2026-04-09 22:25:42,794 [INFO] DbMcusXml:78 - Set database path to: C:\ST\STM32CubeIDE_1.19.0\STM32CubeIDE\plugins\com.st.stm32cube.common.mx_6.15.0.202507011659\\db\/mcu/
2026-04-09 22:25:42,794 [INFO] ApiDb:274 - Set plugin database path to: C:\ST\STM32CubeIDE_1.19.0\STM32CubeIDE\plugins\com.st.stm32cube.common.mx_6.15.0.202507011659\\db\/plugins/boardmanager/
2026-04-09 22:25:42,794 [INFO] ApiDb:261 - Set plugin images path to: C:\ST\STM32CubeIDE_1.19.0\STM32CubeIDE\plugins\com.st.stm32cube.common.mx_6.15.0.202507011659\\db\/plugins/mcufinder/images/
2026-04-09 22:25:42,794 [WARN] DbFile:41 - Overriding database path with different value: C:\Users\NBNB\.stmcufinder\plugins\mcufinder/ => C:\Users\NBNB\.stmcufinder\plugins\mcufinder
2026-04-09 22:25:42,794 [INFO] ApiDb:250 - Set database path to: C:\Users\NBNB\.stmcufinder\plugins\mcufinder//mcu/
2026-04-09 22:25:42,795 [WARN] DbFile:41 - Overriding database path with different value: C:\Users\NBNB\.stmcufinder\plugins\mcufinder/ => C:\Users\NBNB\.stmcufinder\plugins\mcufinder
2026-04-09 22:25:42,795 [INFO] DbMcusAds:125 - Set database path to: C:\Users\NBNB\.stmcufinder\plugins\mcufinder//mcu/
2026-04-09 22:25:42,795 [WARN] DbFile:41 - Overriding database path with different value: C:\Users\NBNB\.stmcufinder\plugins\mcufinder/ => C:\Users\NBNB\.stmcufinder\plugins\mcufinder
2026-04-09 22:25:42,795 [WARN] DbFile:41 - Overriding database path with different value: C:\Users\NBNB\.stmcufinder\plugins\mcufinder/ => C:\Users\NBNB\.stmcufinder\plugins\mcufinder
2026-04-09 22:25:42,795 [INFO] CrossReferenceDbSqlite:203 - Set database path to: C:\Users\NBNB\.stmcufinder\plugins\mcufinder//mcu/cs/
2026-04-09 22:25:42,916 [INFO] MainPanel:274 - HeapMemory: 268435456
2026-04-09 22:25:43,114 [INFO] DbMcusXml:78 - Set database path to: C:\ST\STM32CubeIDE_1.19.0\STM32CubeIDE\plugins\com.st.stm32cube.common.mx_6.15.0.202507011659\\db\/mcu/
2026-04-09 22:25:43,116 [INFO] ApiDb:274 - Set plugin database path to: C:\ST\STM32CubeIDE_1.19.0\STM32CubeIDE\plugins\com.st.stm32cube.common.mx_6.15.0.202507011659\\db\/plugins/boardmanager/
2026-04-09 22:25:43,116 [INFO] ApiDb:261 - Set plugin images path to: C:\ST\STM32CubeIDE_1.19.0\STM32CubeIDE\plugins\com.st.stm32cube.common.mx_6.15.0.202507011659\\db\/plugins/mcufinder/images/
2026-04-09 22:25:43,116 [WARN] DbFile:41 - Overriding database path with different value: C:\Users\NBNB\.stmcufinder\plugins\mcufinder/ => C:\Users\NBNB\.stmcufinder\plugins\mcufinder
2026-04-09 22:25:43,116 [INFO] ApiDb:250 - Set database path to: C:\Users\NBNB\.stmcufinder\plugins\mcufinder//mcu/
2026-04-09 22:25:43,116 [WARN] DbFile:41 - Overriding database path with different value: C:\Users\NBNB\.stmcufinder\plugins\mcufinder/ => C:\Users\NBNB\.stmcufinder\plugins\mcufinder
2026-04-09 22:25:43,116 [INFO] DbMcusAds:125 - Set database path to: C:\Users\NBNB\.stmcufinder\plugins\mcufinder//mcu/
2026-04-09 22:25:43,117 [WARN] DbFile:41 - Overriding database path with different value: C:\Users\NBNB\.stmcufinder\plugins\mcufinder/ => C:\Users\NBNB\.stmcufinder\plugins\mcufinder
2026-04-09 22:25:43,117 [WARN] DbFile:41 - Overriding database path with different value: C:\Users\NBNB\.stmcufinder\plugins\mcufinder/ => C:\Users\NBNB\.stmcufinder\plugins\mcufinder
2026-04-09 22:25:43,117 [INFO] CrossReferenceDbSqlite:203 - Set database path to: C:\Users\NBNB\.stmcufinder\plugins\mcufinder//mcu/cs/
2026-04-09 22:25:43,147 [INFO] ApplicationProperties:184 - Using Application install path: C:\ST\STM32CubeIDE_1.19.0\STM32CubeIDE\plugins\com.st.stm32cube.common.mx_6.15.0.202507011659
2026-04-09 22:25:43,148 [INFO] PluginManage:196 - Search for loadable plugins [exclusion list=, ]
2026-04-09 22:25:43,151 [INFO] PluginManage:310 - Check plugin analytics
2026-04-09 22:25:43,423 [INFO] AnalyticsPlugin:253 - Accepted Software Licenses: STM32CubeMX.6.12.0
2026-04-09 22:25:43,423 [INFO] AnalyticsPlugin:255 - Accepted CMSIS Pack Licenses: 
2026-04-09 22:25:43,423 [INFO] AnalyticsPlugin:257 - Accepted Firmware Licenses: FW.G0.1.6.0
2026-04-09 22:25:43,426 [INFO] PluginManage:359 - Loaded plugin analytics (category:tool,tabindex:-1)
2026-04-09 22:25:43,427 [INFO] PluginManage:310 - Check plugin cadmodel
2026-04-09 22:25:43,436 [INFO] CADModel:105 - Init CAD model plugin
2026-04-09 22:25:43,436 [INFO] PluginManage:359 - Loaded plugin cadmodel (category:power,tabindex:5)
2026-04-09 22:25:43,436 [INFO] PluginManage:310 - Check plugin clock
2026-04-09 22:25:43,452 [INFO] PluginManage:359 - Loaded plugin clock (category:base,tabindex:2)
2026-04-09 22:25:43,452 [INFO] PluginManage:310 - Check plugin ddr
2026-04-09 22:25:43,456 [INFO] PluginManage:359 - Loaded plugin ddr (category:tool,tabindex:6)
2026-04-09 22:25:43,456 [INFO] PluginManage:310 - Check plugin filemanager
2026-04-09 22:25:43,696 [INFO] PluginManage:359 - Loaded plugin filemanager (category:base,tabindex:10)
2026-04-09 22:25:43,696 [INFO] PluginManage:310 - Check plugin ipmanager
2026-04-09 22:25:43,707 [INFO] PluginManage:359 - Loaded plugin ipmanager (category:base,tabindex:5)
2026-04-09 22:25:43,707 [INFO] PluginManage:310 - Check plugin lpbam
2026-04-09 22:25:43,723 [INFO] PluginManage:359 - Loaded plugin lpbam (category:base,tabindex:0)
2026-04-09 22:25:43,723 [INFO] PluginManage:310 - Check plugin memorymap
2026-04-09 22:25:43,751 [INFO] PluginManage:359 - Loaded plugin memorymap (category:base,tabindex:4)
2026-04-09 22:25:43,751 [INFO] PluginManage:310 - Check plugin pinoutandconfiguration
2026-04-09 22:25:43,768 [INFO] PluginManage:359 - Loaded plugin pinoutandconfiguration (category:base,tabindex:1)
2026-04-09 22:25:43,768 [INFO] PluginManage:310 - Check plugin pinoutconfig
2026-04-09 22:25:43,909 [WARN] SupportedApi:132 - Cannot load RTOS API schema: s4s-elt-must-match.1: The content of 'definitions' must match (annotation?, (simpleType | complexType)?, (unique | key | keyref)*)). A problem was found starting at: attribute.
2026-04-09 22:25:44,227 [INFO] PluginManage:359 - Loaded plugin pinoutconfig (category:base,tabindex:0)
2026-04-09 22:25:44,227 [INFO] PluginManage:310 - Check plugin power
2026-04-09 22:25:44,245 [INFO] PluginManage:359 - Loaded plugin power (category:power,tabindex:4)
2026-04-09 22:25:44,245 [INFO] PluginManage:310 - Check plugin projectmanager
2026-04-09 22:25:44,268 [INFO] PluginManage:359 - Loaded plugin projectmanager (category:projectmanager,tabindex:4)
2026-04-09 22:25:44,268 [INFO] PluginManage:310 - Check plugin rif
2026-04-09 22:25:44,281 [INFO] PluginManage:359 - Loaded plugin rif (category:base,tabindex:3)
2026-04-09 22:25:44,282 [INFO] PluginManage:310 - Check plugin thirdparty
2026-04-09 22:25:44,488 [INFO] PluginManage:359 - Loaded plugin thirdparty (category:base,tabindex:-1)
2026-04-09 22:25:44,488 [INFO] PluginManage:310 - Check plugin tools
2026-04-09 22:25:44,488 [WARN] IntegrityCheckThread:84 - waiting for thirdparty lock release [integrity check]
2026-04-09 22:25:44,489 [INFO] IntegrityCheckThread:86 - entering critical section [integrity check]
2026-04-09 22:25:44,489 [INFO] ThirdPartyUpdaterWithRetryManager:70 - Updater plugin not ready yet. [1/15]
2026-04-09 22:25:44,492 [INFO] PluginManage:359 - Loaded plugin tools (category:base,tabindex:7)
2026-04-09 22:25:44,493 [INFO] PluginManage:310 - Check plugin tutovideos
2026-04-09 22:25:44,826 [INFO] PluginManage:359 - Loaded plugin tutovideos (category:base,tabindex:-1)
2026-04-09 22:25:44,826 [INFO] PluginManage:310 - Check plugin updater
2026-04-09 22:25:44,854 [INFO] PluginManage:359 - Loaded plugin updater (category:base,tabindex:12)
2026-04-09 22:25:44,854 [INFO] PluginManage:310 - Check plugin userauth
2026-04-09 22:25:44,859 [INFO] UserAuth:118 - Init User Auth plugin
2026-04-09 22:25:44,860 [INFO] PluginManage:359 - Loaded plugin userauth (category:base,tabindex:14)
2026-04-09 22:25:44,861 [INFO] PluginManage:283 - PluginManage : Loaded plugins [18]
2026-04-09 22:25:45,133 [INFO] PinOutPanel:1589 - setPackage(No Configuration,No Configuration)
2026-04-09 22:25:45,243 [INFO] CADModel:165 - CPN selected for project level
2026-04-09 22:25:45,243 [INFO] CADModel:114 - Register for checkConnection events
2026-04-09 22:25:45,266 [INFO] IPUIPlugin:80 - create IPUIPlugin
2026-04-09 22:25:45,266 [INFO] PluginManager:220 - loadIPPluginJar : add adc
2026-04-09 22:25:45,270 [INFO] IPUIPlugin:80 - create IPUIPlugin
2026-04-09 22:25:45,270 [INFO] PluginManager:220 - loadIPPluginJar : add aes
2026-04-09 22:25:45,273 [INFO] IPUIPlugin:80 - create IPUIPlugin
2026-04-09 22:25:45,273 [INFO] PluginManager:220 - loadIPPluginJar : add can
2026-04-09 22:25:45,276 [INFO] IPUIPlugin:80 - create IPUIPlugin
2026-04-09 22:25:45,276 [INFO] PluginManager:220 - loadIPPluginJar : add comp
2026-04-09 22:25:45,278 [INFO] IPUIPlugin:80 - create IPUIPlugin
2026-04-09 22:25:45,279 [INFO] PluginManager:220 - loadIPPluginJar : add cryp
2026-04-09 22:25:45,281 [INFO] IPUIPlugin:80 - create IPUIPlugin
2026-04-09 22:25:45,282 [INFO] PluginManager:220 - loadIPPluginJar : add ddr_ctrl_phy
2026-04-09 22:25:45,286 [INFO] IPUIPlugin:80 - create IPUIPlugin
2026-04-09 22:25:45,286 [INFO] PluginManager:220 - loadIPPluginJar : add dfsdm
2026-04-09 22:25:45,291 [INFO] IPUIPlugin:80 - create IPUIPlugin
2026-04-09 22:25:45,292 [INFO] PluginManager:220 - loadIPPluginJar : add dma
2026-04-09 22:25:45,295 [INFO] IPUIPlugin:80 - create IPUIPlugin
2026-04-09 22:25:45,295 [INFO] PluginManager:220 - loadIPPluginJar : add dma3
2026-04-09 22:25:45,297 [INFO] IPUIPlugin:80 - create IPUIPlugin
2026-04-09 22:25:45,297 [INFO] PluginManager:220 - loadIPPluginJar : add extmemmanager
2026-04-09 22:25:45,300 [INFO] IPUIPlugin:80 - create IPUIPlugin
2026-04-09 22:25:45,300 [INFO] PluginManager:220 - loadIPPluginJar : add fatfs
2026-04-09 22:25:45,306 [INFO] IPUIPlugin:80 - create IPUIPlugin
2026-04-09 22:25:45,306 [INFO] PluginManager:220 - loadIPPluginJar : add fmc
2026-04-09 22:25:45,312 [INFO] IPUIPlugin:80 - create IPUIPlugin
2026-04-09 22:25:45,312 [INFO] PluginManager:220 - loadIPPluginJar : add freertos
2026-04-09 22:25:45,314 [INFO] IPUIPlugin:80 - create IPUIPlugin
2026-04-09 22:25:45,314 [INFO] PluginManager:220 - loadIPPluginJar : add genericplugin
2026-04-09 22:25:45,317 [INFO] IPUIPlugin:80 - create IPUIPlugin
2026-04-09 22:25:45,317 [INFO] PluginManager:220 - loadIPPluginJar : add gfxmmu
2026-04-09 22:25:45,323 [INFO] IPUIPlugin:80 - create IPUIPlugin
2026-04-09 22:25:45,324 [INFO] PluginManager:220 - loadIPPluginJar : add gic
2026-04-09 22:25:45,327 [INFO] IPUIPlugin:80 - create IPUIPlugin
2026-04-09 22:25:45,327 [INFO] PluginManager:220 - loadIPPluginJar : add gpio
2026-04-09 22:25:45,330 [INFO] IPUIPlugin:80 - create IPUIPlugin
2026-04-09 22:25:45,330 [INFO] PluginManager:220 - loadIPPluginJar : add gtzc
2026-04-09 22:25:45,333 [INFO] IPUIPlugin:80 - create IPUIPlugin
2026-04-09 22:25:45,333 [INFO] PluginManager:220 - loadIPPluginJar : add hash
2026-04-09 22:25:45,336 [INFO] IPUIPlugin:80 - create IPUIPlugin
2026-04-09 22:25:45,336 [INFO] PluginManager:220 - loadIPPluginJar : add i2c
2026-04-09 22:25:45,338 [INFO] IPUIPlugin:80 - create IPUIPlugin
2026-04-09 22:25:45,338 [INFO] PluginManager:220 - loadIPPluginJar : add i2s
2026-04-09 22:25:45,341 [INFO] IPUIPlugin:80 - create IPUIPlugin
2026-04-09 22:25:45,341 [INFO] PluginManager:220 - loadIPPluginJar : add i3c
2026-04-09 22:25:45,344 [INFO] IPUIPlugin:80 - create IPUIPlugin
2026-04-09 22:25:45,345 [INFO] PluginManager:220 - loadIPPluginJar : add ipddr
2026-04-09 22:25:45,352 [INFO] IPUIPlugin:80 - create IPUIPlugin
2026-04-09 22:25:45,352 [INFO] PluginManager:220 - loadIPPluginJar : add linkedlist
2026-04-09 22:25:45,355 [INFO] IPUIPlugin:80 - create IPUIPlugin
2026-04-09 22:25:45,355 [INFO] PluginManager:220 - loadIPPluginJar : add lorawan
2026-04-09 22:25:45,356 [INFO] IPUIPlugin:80 - create IPUIPlugin
2026-04-09 22:25:45,357 [INFO] PluginManager:220 - loadIPPluginJar : add ltdc
2026-04-09 22:25:45,361 [INFO] IPUIPlugin:80 - create IPUIPlugin
2026-04-09 22:25:45,361 [INFO] PluginManager:220 - loadIPPluginJar : add mdma
2026-04-09 22:25:45,365 [INFO] IPUIPlugin:80 - create IPUIPlugin
2026-04-09 22:25:45,366 [INFO] PluginManager:220 - loadIPPluginJar : add nvic
2026-04-09 22:25:45,369 [INFO] IPUIPlugin:80 - create IPUIPlugin
2026-04-09 22:25:45,369 [INFO] PluginManager:220 - loadIPPluginJar : add opamp
2026-04-09 22:25:45,372 [INFO] IPUIPlugin:80 - create IPUIPlugin
2026-04-09 22:25:45,372 [INFO] PluginManager:220 - loadIPPluginJar : add openamp
2026-04-09 22:25:45,376 [INFO] IPUIPlugin:80 - create IPUIPlugin
2026-04-09 22:25:45,376 [INFO] PluginManager:220 - loadIPPluginJar : add pdm2pcm
2026-04-09 22:25:45,382 [INFO] IPUIPlugin:80 - create IPUIPlugin
2026-04-09 22:25:45,386 [INFO] PluginManager:220 - loadIPPluginJar : add plateformsettings
2026-04-09 22:25:45,388 [INFO] IPUIPlugin:80 - create IPUIPlugin
2026-04-09 22:25:45,388 [INFO] PluginManager:220 - loadIPPluginJar : add quadspi
2026-04-09 22:25:45,391 [INFO] IPUIPlugin:80 - create IPUIPlugin
2026-04-09 22:25:45,391 [INFO] PluginManager:220 - loadIPPluginJar : add radio
2026-04-09 22:25:45,396 [INFO] IPUIPlugin:80 - create IPUIPlugin
2026-04-09 22:25:45,396 [INFO] PluginManager:220 - loadIPPluginJar : add resmgrutility
2026-04-09 22:25:45,400 [INFO] IPUIPlugin:80 - create IPUIPlugin
2026-04-09 22:25:45,400 [INFO] PluginManager:220 - loadIPPluginJar : add sai
2026-04-09 22:25:45,402 [INFO] IPUIPlugin:80 - create IPUIPlugin
2026-04-09 22:25:45,403 [INFO] PluginManager:220 - loadIPPluginJar : add spi
2026-04-09 22:25:45,408 [INFO] IPUIPlugin:80 - create IPUIPlugin
2026-04-09 22:25:45,408 [INFO] PluginManager:220 - loadIPPluginJar : add stm32_wpan
2026-04-09 22:25:45,410 [INFO] IPUIPlugin:80 - create IPUIPlugin
2026-04-09 22:25:45,410 [INFO] PluginManager:220 - loadIPPluginJar : add tim
2026-04-09 22:25:45,414 [INFO] IPUIPlugin:80 - create IPUIPlugin
2026-04-09 22:25:45,414 [INFO] PluginManager:220 - loadIPPluginJar : add touchsensing
2026-04-09 22:25:45,417 [INFO] IPUIPlugin:80 - create IPUIPlugin
2026-04-09 22:25:45,417 [INFO] PluginManager:220 - loadIPPluginJar : add tracer_emb
2026-04-09 22:25:45,420 [INFO] IPUIPlugin:80 - create IPUIPlugin
2026-04-09 22:25:45,420 [INFO] PluginManager:220 - loadIPPluginJar : add ts
2026-04-09 22:25:45,423 [INFO] IPUIPlugin:80 - create IPUIPlugin
2026-04-09 22:25:45,423 [INFO] PluginManager:220 - loadIPPluginJar : add tsc
2026-04-09 22:25:45,425 [INFO] IPUIPlugin:80 - create IPUIPlugin
2026-04-09 22:25:45,425 [INFO] PluginManager:220 - loadIPPluginJar : add ucpd
2026-04-09 22:25:45,429 [INFO] IPUIPlugin:80 - create IPUIPlugin
2026-04-09 22:25:45,429 [INFO] PluginManager:220 - loadIPPluginJar : add usart
2026-04-09 22:25:45,433 [INFO] IPUIPlugin:80 - create IPUIPlugin
2026-04-09 22:25:45,433 [INFO] PluginManager:220 - loadIPPluginJar : add usbx
2026-04-09 22:25:45,562 [FATAL] Updater:351 - Updater called before beeing initialized
2026-04-09 22:25:45,604 [INFO] RulesReader:64 - Compatibility file has been processed (317 Rules)
2026-04-09 22:25:45,630 [INFO] RulesReader:64 - Compatibility file has been processed (317 Rules)
2026-04-09 22:25:45,638 [INFO] CADModel:165 - CPN selected for project level
2026-04-09 22:25:45,638 [INFO] CADModel:114 - Register for checkConnection events
2026-04-09 22:25:45,638 [FATAL] Updater:351 - Updater called before beeing initialized
2026-04-09 22:25:45,638 [ERROR] CADModel:125 - Updater not yet initialized, retry later 
2026-04-09 22:25:45,799 [FATAL] Updater:351 - Updater called before beeing initialized
2026-04-09 22:25:45,803 [INFO] CADModel:165 - CPN selected for project level
2026-04-09 22:25:45,803 [INFO] CADModel:114 - Register for checkConnection events
2026-04-09 22:25:45,803 [FATAL] Updater:351 - Updater called before beeing initialized
2026-04-09 22:25:45,804 [ERROR] CADModel:125 - Updater not yet initialized, retry later 
2026-04-09 22:25:45,807 [FATAL] Updater:351 - Updater called before beeing initialized
2026-04-09 22:25:45,955 [FATAL] Updater:351 - Updater called before beeing initialized
2026-04-09 22:25:45,959 [INFO] DbMcusAds:53 - JSON generation date=Thu Mar 05 09:32:52 EST 2026 (1772721172890)
2026-04-09 22:25:45,959 [FATAL] Updater:351 - Updater called before beeing initialized
2026-04-09 22:25:45,998 [WARN] DetailPanel:346 - Failed to get advertising image, set to default
2026-04-09 22:25:46,080 [FATAL] Updater:351 - Updater called before beeing initialized
2026-04-09 22:25:46,083 [FATAL] Updater:351 - Updater called before beeing initialized
2026-04-09 22:25:46,083 [FATAL] Updater:351 - Updater called before beeing initialized
2026-04-09 22:25:46,083 [WARN] DetailPanel:346 - Failed to get advertising image, set to default
2026-04-09 22:25:46,083 [FATAL] Updater:351 - Updater called before beeing initialized
2026-04-09 22:25:46,136 [ERROR] Updater:1198 - MainUpdater not yet initialized. External WinMGr cannot be set.
2026-04-09 22:25:46,138 [INFO] Updater:1134 - Updater Version found : 6.15.0
2026-04-09 22:25:46,160 [INFO] ApplicationProperties:184 - Using Application install path: C:\ST\STM32CubeIDE_1.19.0\STM32CubeIDE\plugins\com.st.stm32cube.common.mx_6.15.0.202507011659
2026-04-09 22:25:46,828 [INFO] MainUpdater:2872 - connection check result : 10
2026-04-09 22:25:46,828 [INFO] MainUpdater:3604 - Updater definition file requires update
2026-04-09 22:25:46,829 [INFO] MainUpdater:289 - Updater Check For Update Now.
2026-04-09 22:25:46,829 [INFO] MicroXplorer:498 - Change Database Version : DB.6.0.150
2026-04-09 22:25:46,838 [INFO] McuFinderGlobals:63 - Set McuFinder mode to 2 (CubeIDE integrated)
2026-04-09 22:25:46,839 [INFO] UserAuth:487 - Internet connection configuration mode: 1
2026-04-09 22:25:46,866 [INFO] JxBrowserEngine:152 - Initiate JxBrowser Engine with user profile folder
2026-04-09 22:25:46,981 [INFO] ServerAccessManage:452 - Complete download http(s) 200
2026-04-09 22:25:46,983 [INFO] ServerAccessManage:509 - Download File updaters.zip
2026-04-09 22:25:47,163 [INFO] FileExtend:248 - Unzip File : updaters.zip
2026-04-09 22:25:47,163 [INFO] FileExtend:263 - Standard Zip Deflate
2026-04-09 22:25:47,497 [WARN] MainUpdater:1193 - Updater busy. Cannot search thirdparties
2026-04-09 22:25:47,497 [INFO] ThirdPartyUpdaterWithRetryManager:96 - Updater plugin is busy. [1/15]
2026-04-09 22:25:47,679 [INFO] ServerAccessManage:452 - Complete download http(s) 200
2026-04-09 22:25:47,679 [INFO] ServerAccessManage:509 - Download File PacksControlFlags.xml
2026-04-09 22:25:47,850 [INFO] ServerAccessManage:452 - Complete download http(s) 200
2026-04-09 22:25:47,851 [INFO] ServerAccessManage:509 - Download File cubemx.pidx
2026-04-09 22:25:49,185 [INFO] WebApp:169 - Instantiating new browser for Auth
2026-04-09 22:25:50,011 [INFO] ServerAccessManage:452 - Complete download http(s) 200
2026-04-09 22:25:50,014 [INFO] ServerAccessManage:509 - Download File STMicroelectronics.X-CUBE-WB05N.pdsc
2026-04-09 22:25:50,486 [INFO] WebApp:463 - Apply proxy settings
2026-04-09 22:25:50,486 [INFO] WebApp:548 - Chromium requires no authentication
2026-04-09 22:25:50,498 [WARN] MainUpdater:1193 - Updater busy. Cannot search thirdparties
2026-04-09 22:25:50,498 [INFO] ThirdPartyUpdaterWithRetryManager:96 - Updater plugin is busy. [2/15]
2026-04-09 22:25:50,505 [INFO] WebApp:491 - Direct internet connection detected
2026-04-09 22:25:50,558 [INFO] WebApp:900 - Register for checkConnection events
2026-04-09 22:25:50,559 [INFO] WebApp:463 - Apply proxy settings
2026-04-09 22:25:50,559 [INFO] WebApp:548 - Chromium requires no authentication
2026-04-09 22:25:50,560 [INFO] WebApp:491 - Direct internet connection detected
2026-04-09 22:25:50,801 [INFO] WebApp:191 - Connection restablished
2026-04-09 22:25:50,905 [INFO] WebApp:225 - Starting web application
2026-04-09 22:25:50,906 [INFO] WebApp:593 - Web application path used C:\ST\STM32CubeIDE_1.19.0\STM32CubeIDE\plugins\com.st.stm32cube.common.mx_6.15.0.202507011659\db\plugins\mcufinder\reactClient1\index.html
2026-04-09 22:25:51,141 [INFO] ServerAccessManage:452 - Complete download http(s) 200
2026-04-09 22:25:51,141 [INFO] ServerAccessManage:509 - Download File STMicroelectronics.eDS-WB_DPC_VIENNA.pdsc
2026-04-09 22:25:51,258 [INFO] UserAuth:487 - Internet connection configuration mode: 1
2026-04-09 22:25:51,786 [ERROR] ServerAccessManage:1212 - Problem, file not found on Server
2026-04-09 22:25:52,004 [ERROR] ServerAccessManage:1212 - Problem, file not found on Server
2026-04-09 22:25:52,251 [ERROR] ServerAccessManage:1212 - Problem, file not found on Server
2026-04-09 22:25:52,575 [ERROR] ServerAccessManage:1212 - Problem, file not found on Server
2026-04-09 22:25:52,898 [ERROR] ServerAccessManage:1212 - Problem, file not found on Server
2026-04-09 22:25:53,513 [WARN] MainUpdater:1193 - Updater busy. Cannot search thirdparties
2026-04-09 22:25:53,514 [INFO] ThirdPartyUpdaterWithRetryManager:96 - Updater plugin is busy. [3/15]
2026-04-09 22:25:53,532 [INFO] ServerAccessManage:452 - Complete download http(s) 200
2026-04-09 22:25:53,532 [INFO] ServerAccessManage:509 - Download File STMicroelectronics.eDS-WB_DPC_TT-BIDIR.pdsc
2026-04-09 22:25:54,016 [ERROR] ServerAccessManage:1212 - Problem, file not found on Server
2026-04-09 22:25:54,335 [ERROR] ServerAccessManage:1212 - Problem, file not found on Server
2026-04-09 22:25:54,651 [ERROR] ServerAccessManage:1212 - Problem, file not found on Server
2026-04-09 22:25:54,968 [ERROR] ServerAccessManage:1212 - Problem, file not found on Server
2026-04-09 22:25:55,482 [INFO] ServerAccessManage:452 - Complete download http(s) 200
2026-04-09 22:25:55,482 [INFO] ServerAccessManage:509 - Download File STMicroelectronics.eDS-WB_DPC_3PH2L-BIDIR.pdsc
2026-04-09 22:25:55,933 [ERROR] ServerAccessManage:1212 - Problem, file not found on Server
2026-04-09 22:25:56,359 [WARN] PackLoader:240 - Cannot read IP mode file for STMicroelectronics.X-CUBE-WB05N.2.1.0
2026-04-09 22:25:56,370 [WARN] PackLoader:240 - Cannot read IP mode file for STMicroelectronics.eDS-WB_DPC_VIENNA.1.2.0
2026-04-09 22:25:56,375 [WARN] PackLoader:240 - Cannot read IP mode file for STMicroelectronics.eDS-WB_DPC_TT-BIDIR.2.1.1
2026-04-09 22:25:56,380 [WARN] PackLoader:240 - Cannot read IP mode file for STMicroelectronics.eDS-WB_DPC_3PH2L-BIDIR.1.1.1
2026-04-09 22:25:56,381 [INFO] PopulateThirdPartyThread:66 - Ending populate Thread
2026-04-09 22:25:56,384 [INFO] ThirdParty:1030 - CMSIS Pack Vendor :STMicroelectronics eDS-WB_DPC_TT-BIDIR 2.1.1
2026-04-09 22:25:56,384 [INFO] ThirdParty:1030 - CMSIS Pack Vendor :STMicroelectronics eDS-WB_DPC_VIENNA 1.2.0
2026-04-09 22:25:56,384 [INFO] ThirdParty:1030 - CMSIS Pack Vendor :STMicroelectronics eDS-WB_DPC_3PH2L-BIDIR 1.1.1
2026-04-09 22:25:56,384 [INFO] ThirdParty:1030 - CMSIS Pack Vendor :STMicroelectronics X-CUBE-WB05N 2.1.0
2026-04-09 22:25:56,385 [INFO] LoadServerUpdatesThread:375 - End of LoadServerUpdate Thread
2026-04-09 22:25:56,500 [INFO] CheckServerUpdateThread:120 - End of CheckServer Thread
2026-04-09 22:25:57,238 [WARN] PackLoader:240 - Cannot read IP mode file for STMicroelectronics.X-CUBE-AZRTOS-H7.3.5.0
2026-04-09 22:25:57,251 [WARN] PackLoader:240 - Cannot read IP mode file for STMicroelectronics.FP-SNS-MOTENVWB1.1.4.0
2026-04-09 22:25:57,251 [WARN] PackLoader:240 - Cannot read IP mode file for STMicroelectronics.FP-ATR-ASTRA1.2.0.2
2026-04-09 22:25:57,287 [WARN] PackLoader:240 - Cannot read IP mode file for STMicroelectronics.X-CUBE-SMBUS.2.1.0
2026-04-09 22:25:57,287 [WARN] PackLoader:240 - Cannot read IP mode file for STMicroelectronics.X-CUBE-TOUCHGFX.4.23.2
2026-04-09 22:25:57,335 [WARN] PackLoader:240 - Cannot read IP mode file for STMicroelectronics.X-CUBE-AZRTOS-F7.1.1.0
2026-04-09 22:25:57,445 [WARN] PackLoader:240 - Cannot read IP mode file for STMicroelectronics.X-CUBE-MEMS1.11.0.0
2026-04-09 22:25:57,784 [WARN] PackLoader:240 - Cannot read IP mode file for STMicroelectronics.FP-SNS-MOTENV1.5.1.0
2026-04-09 22:25:57,803 [WARN] PackLoader:240 - Cannot read IP mode file for STMicroelectronics.FP-SNS-FLIGHT1.5.0.2
2026-04-09 22:25:57,818 [WARN] PackLoader:240 - Cannot read IP mode file for STMicroelectronics.X-CUBE-AZRTOS-H7.3.4.0
2026-04-09 22:25:57,842 [WARN] PackLoader:240 - Cannot read IP mode file for STMicroelectronics.X-CUBE-DISPLAY.3.0.0
2026-04-09 22:25:57,858 [WARN] PackLoader:240 - Cannot read IP mode file for STMicroelectronics.FP-SNS-MOTENVWB1.1.5.0
2026-04-09 22:25:57,870 [WARN] PackLoader:240 - Cannot read IP mode file for STMicroelectronics.X-CUBE-BLE1.7.0.0
2026-04-09 22:25:57,885 [WARN] PackLoader:240 - Cannot read IP mode file for STMicroelectronics.X-CUBE-NFC10.1.0.0
2026-04-09 22:25:57,897 [WARN] PackLoader:240 - Cannot read IP mode file for STMicroelectronics.X-CUBE-ST60.1.1.0
2026-04-09 22:25:57,909 [WARN] PackLoader:240 - Cannot read IP mode file for emotas.I-CUBE-CANOPEN.1.3.0
2026-04-09 22:25:57,918 [WARN] PackLoader:240 - Cannot read IP mode file for STMicroelectronics.X-CUBE-GNSS1.7.1.0
2026-04-09 22:25:57,936 [WARN] PackLoader:240 - Cannot read IP mode file for STMicroelectronics.X-CUBE-BLEMGR.3.1.0
2026-04-09 22:25:57,954 [WARN] PackLoader:240 - Cannot read IP mode file for STMicroelectronics.FP-SNS-STBOX1.2.1.0
2026-04-09 22:25:57,968 [WARN] PackLoader:240 - Cannot read IP mode file for STMicroelectronics.FP-SNS-SMARTAG2.1.2.0
2026-04-09 22:25:57,974 [WARN] PackLoader:240 - Cannot read IP mode file for STMicroelectronics.FP-SNS-FLIGHT1.5.1.0
2026-04-09 22:25:57,989 [INFO] LogOutputStream:77 - [STDOUT_REDIRECT] 1 : Invalid condition id : UX_CORESTACK_Condition cause : null
2026-04-09 22:25:57,989 [INFO] LogOutputStream:77 - [STDOUT_REDIRECT] 1 : Invalid condition id : UX_CORESTACK_Condition cause : null
2026-04-09 22:25:57,997 [INFO] LogOutputStream:77 - [STDOUT_REDIRECT] 1 : Invalid condition id : UX_CORESTACK_Condition cause : null
2026-04-09 22:25:58,000 [INFO] LogOutputStream:77 - [STDOUT_REDIRECT] 1 : Invalid condition id : UX_CORESTACK_Condition cause : null
2026-04-09 22:25:58,003 [INFO] LogOutputStream:77 - [STDOUT_REDIRECT] 1 : Invalid condition id : UX_CORESTACK_Condition cause : null
2026-04-09 22:25:58,008 [WARN] PackLoader:240 - Cannot read IP mode file for STMicroelectronics.X-CUBE-AZRTOS-WL.2.0.0
2026-04-09 22:25:58,016 [WARN] PackLoader:240 - Cannot read IP mode file for STMicroelectronics.FP-SNS-MOTENV1.5.0.0
2026-04-09 22:25:58,037 [WARN] PackLoader:240 - Cannot read IP mode file for STMicroelectronics.X-CUBE-AZRTOS-H7RS.1.2.0
2026-04-09 22:25:58,052 [WARN] PackLoader:240 - Cannot read IP mode file for wolfSSL.I-CUBE-wolfMQTT.1.19.0
2026-04-09 22:25:58,060 [WARN] PackLoader:240 - Cannot read IP mode file for WES.I-CUBE-Cesium.1.3.0
2026-04-09 22:25:58,070 [WARN] PackLoader:240 - Cannot read IP mode file for STMicroelectronics.X-CUBE-BLE2.3.3.0
2026-04-09 22:25:58,103 [WARN] PackLoader:240 - Cannot read IP mode file for STMicroelectronics.X-CUBE-NFC9.1.0.0
2026-04-09 22:25:58,124 [WARN] PackLoader:240 - Cannot read IP mode file for STMicroelectronics.X-CUBE-BLE1.7.1.0
2026-04-09 22:25:58,137 [WARN] PackLoader:240 - Cannot read IP mode file for STMicroelectronics.X-CUBE-TCPP.4.1.0
2026-04-09 22:25:58,149 [WARN] PackLoader:240 - Cannot read IP mode file for STMicroelectronics.X-CUBE-FREERTOS.1.4.0
2026-04-09 22:25:58,165 [WARN] PackLoader:240 - Cannot read IP mode file for STMicroelectronics.X-CUBE-EEPRMA1.5.2.0
2026-04-09 22:25:58,181 [WARN] PackLoader:240 - Cannot read IP mode file for STMicroelectronics.X-CUBE-ST67W61.1.1.0
2026-04-09 22:25:58,349 [WARN] PackLoader:240 - Cannot read IP mode file for STMicroelectronics.X-CUBE-MEMS1.12.0.0
2026-04-09 22:25:58,464 [WARN] PackLoader:240 - Cannot read IP mode file for STMicroelectronics.X-CUBE-ALGOBUILD.1.3.0
2026-04-09 22:25:58,494 [WARN] PackLoader:240 - Cannot read IP mode file for STMicroelectronics.X-CUBE-AZRTOS-G0.1.1.0
2026-04-09 22:25:58,512 [WARN] PackLoader:240 - Cannot read IP mode file for STMicroelectronics.X-CUBE-SAFEA1.1.2.2
2026-04-09 22:25:58,515 [WARN] PackLoader:240 - Cannot read IP mode file for STMicroelectronics.X-CUBE-NFC4.3.0.0
2026-04-09 22:25:58,550 [WARN] PackLoader:240 - Cannot read IP mode file for EmbeddedOffice.I-CUBE-FS-RTOS.1.0.1
2026-04-09 22:25:58,564 [WARN] PackLoader:240 - Cannot read IP mode file for STMicroelectronics.X-CUBE-WB05N.2.0.0
2026-04-09 22:25:58,577 [WARN] PackLoader:240 - Cannot read IP mode file for STMicroelectronics.X-CUBE-TCPP.4.2.0
2026-04-09 22:25:58,584 [WARN] PackLoader:240 - Cannot read IP mode file for RealThread.X-CUBE-RT-Thread_Nano.4.1.1
2026-04-09 22:25:58,602 [WARN] PackLoader:240 - Cannot read IP mode file for wolfSSL.I-CUBE-wolfSSL.5.7.0
2026-04-09 22:25:58,602 [WARN] PackLoader:240 - Cannot read IP mode file for STMicroelectronics.FP-ATR-SIGFOX1.3.2.0
2026-04-09 22:25:58,617 [WARN] PackLoader:240 - Cannot read IP mode file for STMicroelectronics.X-CUBE-EEPRMA1.5.1.0
2026-04-09 22:25:58,617 [WARN] PackLoader:240 - Cannot read IP mode file for STMicroelectronics.X-CUBE-FREERTOS.1.5.0
2026-04-09 22:25:58,635 [WARN] PackLoader:240 - Cannot read IP mode file for ITTIA_DB.I-CUBE-ITTIADB.8.9.0
2026-04-09 22:25:58,651 [WARN] PackLoader:240 - Cannot read IP mode file for STMicroelectronics.X-CUBE-NFC6.3.2.0
2026-04-09 22:25:58,668 [WARN] PackLoader:240 - Cannot read IP mode file for STMicroelectronics.X-CUBE-AI.10.2.0
2026-04-09 22:25:58,719 [WARN] PackLoader:240 - Cannot read IP mode file for SEGGER.I-CUBE-embOS.1.3.1
2026-04-09 22:25:58,751 [WARN] PackLoader:240 - Cannot read IP mode file for STMicroelectronics.X-CUBE-ALGOBUILD.1.4.0
2026-04-09 22:25:58,768 [WARN] PackLoader:240 - Cannot read IP mode file for STMicroelectronics.X-CUBE-PM33A1.1.0.0
2026-04-09 22:25:58,768 [WARN] PackLoader:240 - Cannot read IP mode file for STMicroelectronics.X-CUBE-GNSS1.6.0.0
2026-04-09 22:25:58,784 [WARN] PackLoader:240 - Cannot read IP mode file for STMicroelectronics.X-CUBE-AZRTOS-F4.1.1.0
2026-04-09 22:25:58,803 [WARN] PackLoader:240 - Cannot read IP mode file for STMicroelectronics.X-CUBE-ISPU.2.1.0
2026-04-09 22:25:58,828 [WARN] PackLoader:240 - Cannot read IP mode file for STMicroelectronics.X-CUBE-IPS.3.2.0
2026-04-09 22:25:58,840 [WARN] PackLoader:240 - Cannot read IP mode file for STMicroelectronics.eDS-WB_DPC_TT-BIDIR.2.1.1
2026-04-09 22:25:58,848 [WARN] PackLoader:240 - Cannot read IP mode file for STMicroelectronics.X-CUBE-FREERTOS.1.2.0
2026-04-09 22:25:58,851 [WARN] PackLoader:240 - Cannot read IP mode file for STMicroelectronics.X-CUBE-NFC12.1.0.0
2026-04-09 22:25:58,889 [WARN] PackLoader:240 - Cannot read IP mode file for STMicroelectronics.X-CUBE-AZRTOS-L5.2.0.0
2026-04-09 22:25:58,910 [WARN] PackLoader:240 - Cannot read IP mode file for STMicroelectronics.X-CUBE-NFC6.3.1.0
2026-04-09 22:25:58,928 [WARN] PackLoader:240 - Cannot read IP mode file for STMicroelectronics.X-CUBE-DPower.1.2.0
2026-04-09 22:25:58,934 [WARN] PackLoader:240 - Cannot read IP mode file for STMicroelectronics.eDS-WB_DPC_VIENNA.1.2.0
2026-04-09 22:25:58,934 [WARN] PackLoader:240 - Cannot read IP mode file for STMicroelectronics.eDS-WB_DPC_3PH2L-BIDIR.1.1.1
2026-04-09 22:25:58,951 [WARN] PackLoader:240 - Cannot read IP mode file for STMicroelectronics.X-CUBE-AI.9.0.0
2026-04-09 22:25:58,965 [WARN] PackLoader:240 - Cannot read IP mode file for STMicroelectronics.X-CUBE-NFC7.1.0.1
2026-04-09 22:25:58,973 [WARN] PackLoader:240 - Cannot read IP mode file for STMicroelectronics.X-CUBE-TOUCHGFX.4.26.0
2026-04-09 22:25:58,977 [WARN] PackLoader:240 - Cannot read IP mode file for STMicroelectronics.X-CUBE-TOUCHGFX.4.26.1
2026-04-09 22:25:58,984 [WARN] PackLoader:240 - Cannot read IP mode file for STMicroelectronics.FP-SNS-STAIOTCFT.1.0.0
2026-04-09 22:25:59,002 [WARN] PackLoader:240 - Cannot read IP mode file for STMicroelectronics.X-CUBE-DPower.1.3.0
2026-04-09 22:25:59,028 [WARN] ConditionMgr:438 - getConditionDescription Invalid condition id : LAN8742 Phy interface Condition cause : null
2026-04-09 22:25:59,030 [WARN] PackLoader:240 - Cannot read IP mode file for STMicroelectronics.X-CUBE-AZRTOS-L4.2.0.0
2026-04-09 22:25:59,033 [WARN] ConditionMgr:1044 - genDependencies : Invalid condition id : LAN8742 Phy interface Condition cause : null
2026-04-09 22:25:59,033 [WARN] ConditionMgr:1044 - genDependencies : Invalid condition id : LAN8742 Phy interface Condition cause : null
2026-04-09 22:25:59,034 [WARN] ConditionMgr:1044 - genDependencies : Invalid condition id : LAN8742 Phy interface Condition cause : null
2026-04-09 22:25:59,034 [WARN] PackLoader:240 - Cannot read IP mode file for STMicroelectronics.X-CUBE-SFXS2LP1.4.0.0
2026-04-09 22:25:59,051 [WARN] PackLoader:240 - Cannot read IP mode file for STMicroelectronics.X-CUBE-WB05N.2.1.0
2026-04-09 22:25:59,057 [WARN] PackLoader:240 - Cannot read IP mode file for STMicroelectronics.X-CUBE-ST67W61.1.2.0
2026-04-09 22:25:59,071 [WARN] PackLoader:240 - Cannot read IP mode file for STMicroelectronics.X-CUBE-AZRTOS-H7.3.3.0
2026-04-09 22:25:59,084 [WARN] PackLoader:240 - Cannot read IP mode file for STMicroelectronics.X-CUBE-BLEMGR.4.1.0
2026-04-09 22:25:59,117 [WARN] ConditionMgr:438 - getConditionDescription Invalid condition id : UX DEVICE CLASS RTOS Condition cause : null
2026-04-09 22:25:59,117 [WARN] ConditionMgr:438 - getConditionDescription Invalid condition id : UX DEVICE CLASS RTOS Condition cause : null
2026-04-09 22:25:59,118 [WARN] PackLoader:240 - Cannot read IP mode file for STMicroelectronics.X-CUBE-AZRTOS-WB.2.0.0
2026-04-09 22:25:59,118 [WARN] ConditionMgr:1044 - genDependencies : Invalid condition id : UX DEVICE CLASS RTOS Condition cause : null
2026-04-09 22:25:59,118 [WARN] ConditionMgr:1044 - genDependencies : Invalid condition id : UX DEVICE CLASS RTOS Condition cause : null
2026-04-09 22:25:59,118 [WARN] ConditionMgr:1044 - genDependencies : Invalid condition id : UX DEVICE CLASS RTOS Condition cause : null
2026-04-09 22:25:59,118 [WARN] ConditionMgr:1044 - genDependencies : Invalid condition id : UX DEVICE CLASS RTOS Condition cause : null
2026-04-09 22:25:59,118 [WARN] ConditionMgr:1044 - genDependencies : Invalid condition id : UX DEVICE CLASS RTOS Condition cause : null
2026-04-09 22:25:59,129 [WARN] PackLoader:240 - Cannot read IP mode file for STMicroelectronics.FP-SNS-STBOX1.2.0.0
2026-04-09 22:25:59,142 [WARN] ConditionMgr:438 - getConditionDescription Invalid condition id : Cortex-A Device cause : null
2026-04-09 22:25:59,150 [WARN] ConditionMgr:1044 - genDependencies : Invalid condition id : Cortex-A Device cause : null
2026-04-09 22:25:59,150 [WARN] ConditionMgr:1044 - genDependencies : Invalid condition id : Cortex-A Device cause : null
2026-04-09 22:25:59,150 [WARN] ConditionMgr:1044 - genDependencies : Invalid condition id : Cortex-A Device cause : null
2026-04-09 22:25:59,167 [WARN] PackLoader:240 - Cannot read IP mode file for STMicroelectronics.X-CUBE-STSE01.2.0.0
2026-04-09 22:25:59,184 [WARN] PackLoader:240 - Cannot read IP mode file for STMicroelectronics.X-CUBE-SUBG2.5.0.0
2026-04-09 22:25:59,232 [WARN] PackLoader:240 - Cannot read IP mode file for STMicroelectronics.X-CUBE-AZRTOS-G4.2.0.0
2026-04-09 22:25:59,243 [WARN] PackLoader:240 - Cannot read IP mode file for STMicroelectronics.X-CUBE-NFC7.2.0.0
2026-04-09 22:25:59,251 [WARN] PackLoader:240 - Cannot read IP mode file for STMicroelectronics.X-CUBE-ISPU.2.0.0
2026-04-09 22:25:59,251 [WARN] PackLoader:240 - Cannot read IP mode file for STMicroelectronics.X-CUBE-ALS.1.0.2
2026-04-09 22:25:59,299 [WARN] PackLoader:240 - Cannot read IP mode file for STMicroelectronics.X-CUBE-MEMS1.10.0.0
2026-04-09 22:25:59,431 [WARN] PackLoader:240 - Cannot read IP mode file for STMicroelectronics.X-CUBE-TOUCHGFX.4.24.0
2026-04-09 22:25:59,447 [WARN] PackLoader:240 - Cannot read IP mode file for STMicroelectronics.X-CUBE-STSE01.1.0.0
2026-04-09 22:25:59,448 [WARN] PackLoader:240 - Cannot read IP mode file for wolfSSL.I-CUBE-wolfTPM.3.4.0
2026-04-09 22:25:59,465 [WARN] PackLoader:240 - Cannot read IP mode file for portGmbH.I-Cube-SoM-uGOAL.1.1.0
2026-04-09 22:25:59,465 [WARN] PackLoader:240 - Cannot read IP mode file for STMicroelectronics.X-CUBE-ALS.1.0.1
2026-04-09 22:25:59,482 [WARN] PackLoader:240 - Cannot read IP mode file for STMicroelectronics.X-CUBE-AZRTOS-H7RS.1.0.0
2026-04-09 22:25:59,498 [WARN] PackLoader:240 - Cannot read IP mode file for STMicroelectronics.FP-ATR-ASTRA1.2.0.0
2026-04-09 22:25:59,525 [WARN] PackLoader:240 - Cannot read IP mode file for STMicroelectronics.X-CUBE-TOF1.3.4.2
2026-04-09 22:25:59,556 [WARN] PackLoader:240 - Cannot read IP mode file for STMicroelectronics.X-CUBE-TOF1.3.4.3
2026-04-09 22:25:59,583 [WARN] PackLoader:240 - Cannot read IP mode file for STMicroelectronics.X-CUBE-TOF1.3.4.1
2026-04-09 22:25:59,617 [WARN] PackLoader:240 - Cannot read IP mode file for STMicroelectronics.X-CUBE-AZRTOS-H7.3.2.0
2026-04-09 22:25:59,651 [WARN] PackLoader:240 - Cannot read IP mode file for Infineon.AIROC-Wi-Fi-Bluetooth-STM32.1.6.0
2026-04-09 22:25:59,666 [WARN] PackLoader:240 - Cannot read IP mode file for wolfSSL.I-CUBE-wolfSSH.1.4.17
2026-04-09 22:25:59,667 [INFO] ThirdParty:978 - Integrity check success = true
2026-04-09 22:25:59,667 [INFO] IntegrityCheckThread:100 - exiting critical section [integrity check]
2026-04-09 22:25:59,667 [INFO] IntegrityCheckThread:103 - End integrity checks thread
