2026-04-04 15:22:51,429 [INFO] LogOutputStream:77 - [STDOUT_REDIRECT] 
2026-04-04 15:22:55,067 [INFO] ProjectBuilder:5496 - Time for Generating toolchain IDE Files: 4647mS.
2026-04-04 15:22:55,068 [INFO] ProjectBuilder:3463 - Time for Copy CMSIS : 1mS.
2026-04-04 15:22:55,076 [INFO] ProjectBuilder:3463 - Time for Copy CMSIS : 0mS.
2026-04-04 15:22:56,122 [INFO] McuFinderGlobals:76 - Set McuFinderConnectedMode to true
2026-04-04 15:22:56,127 [INFO] ApiDb:448 - Save user favorites file C:\Users\NBNB/.stm32cubeide/favorites.mcus.txt: 0 item(s)
2026-04-04 15:22:56,127 [INFO] ApiDb:452 - User favorites MCUs=[]
2026-04-04 15:42:54,427 [INFO] MainUpdater:2872 - connection check result : 10
2026-04-04 15:42:54,427 [INFO] MainUpdater:2872 - connection check result : 10
2026-04-04 15:42:54,823 [INFO] MicroXplorer:468 - Change Database Path : 
2026-04-04 15:42:54,823 [INFO] MicroXplorer:498 - Change Database Version : DB.6.0.150
2026-04-04 15:42:54,850 [ERROR] ProjectManagerView:395 - 
java.lang.NullPointerException: Cannot invoke "javax.swing.JTextField.getText()" because the return value of "java.util.List.get(int)" is null
	at com.st.microxplorer.plugins.projectmanager.gui.ProjectChoiceTab$9.caretUpdate(ProjectChoiceTab.java:2706) ~[filemanager.jar:?]
	at javax.swing.text.JTextComponent.fireCaretUpdate(JTextComponent.java:408) ~[?:?]
	at javax.swing.text.JTextComponent$MutableCaretEvent.fire(JTextComponent.java:4484) ~[?:?]
	at javax.swing.text.JTextComponent$MutableCaretEvent.stateChanged(JTextComponent.java:4506) ~[?:?]
	at javax.swing.text.DefaultCaret.fireStateChanged(DefaultCaret.java:857) ~[?:?]
	at javax.swing.text.DefaultCaret.changeCaretPosition(DefaultCaret.java:1343) ~[?:?]
	at javax.swing.text.DefaultCaret.handleSetDot(DefaultCaret.java:1242) ~[?:?]
	at javax.swing.text.DefaultCaret.setDot(DefaultCaret.java:1223) ~[?:?]
	at javax.swing.text.DefaultCaret$Handler.insertUpdate(DefaultCaret.java:1819) ~[?:?]
	at javax.swing.text.AbstractDocument.fireInsertUpdate(AbstractDocument.java:227) ~[?:?]
	at javax.swing.text.AbstractDocument.handleInsertString(AbstractDocument.java:781) ~[?:?]
	at javax.swing.text.AbstractDocument.insertString(AbstractDocument.java:740) ~[?:?]
	at javax.swing.text.PlainDocument.insertString(PlainDocument.java:131) ~[?:?]
	at javax.swing.text.AbstractDocument.replace(AbstractDocument.java:699) ~[?:?]
	at javax.swing.text.JTextComponent.setText(JTextComponent.java:1725) ~[?:?]
	at com.st.microxplorer.plugins.projectmanager.gui.ProjectChoiceTab.createHeapStackFields(ProjectChoiceTab.java:993) ~[filemanager.jar:?]
	at com.st.microxplorer.plugins.projectmanager.gui.ProjectChoiceTab.buildLinkSettingsPanel(ProjectChoiceTab.java:3813) ~[filemanager.jar:?]
	at com.st.microxplorer.plugins.projectmanager.gui.ProjectChoiceTab.defineWindowsFields(ProjectChoiceTab.java:1987) ~[filemanager.jar:?]
	at com.st.microxplorer.plugins.projectmanager.gui.ProjectChoiceTab.updateSettings(ProjectChoiceTab.java:558) ~[filemanager.jar:?]
	at com.st.microxplorer.plugins.projectmanager.gui.ProjectSettingsPanel.UpdateDialog(ProjectSettingsPanel.java:247) ~[filemanager.jar:?]
	at com.st.microxplorer.plugins.projectmanager.ProjectManagerView.propertyChange(ProjectManagerView.java:392) ~[filemanager.jar:?]
	at java.beans.PropertyChangeSupport.fire(PropertyChangeSupport.java:343) ~[?:?]
	at java.beans.PropertyChangeSupport.firePropertyChange(PropertyChangeSupport.java:335) ~[?:?]
	at java.beans.PropertyChangeSupport.firePropertyChange(PropertyChangeSupport.java:268) ~[?:?]
	at com.st.microxplorer.util.MXPropertyChangeSupport.firePropertyChange(MXPropertyChangeSupport.java:54) ~[STM32CubeMX.jar:?]
	at com.st.microxplorer.mxsystem.MxSystem.closeConfig(MxSystem.java:899) ~[STM32CubeMX.jar:?]
	at com.st.microxplorer.maingui.MainPanel.closeConfig(MainPanel.java:792) ~[STM32CubeMX.jar:?]
	at com.st.microxplorer.plugins.filemanager.engine.OpenFileManager.loadConfigurationFile(OpenFileManager.java:288) ~[filemanager.jar:?]
	at com.st.microxplorer.plugins.filemanager.engine.MainFileManager.userLoadConfig(MainFileManager.java:364) ~[filemanager.jar:?]
	at com.st.microxplorer.plugins.filemanager.engine.MainFileManager.userLoadConfig(MainFileManager.java:342) ~[filemanager.jar:?]
	at com.st.microxplorer.plugins.filemanager.FileManagerView.getSpecificTask(FileManagerView.java:264) ~[filemanager.jar:?]
	at com.st.stm32cube.common.mx.editor.CubeMxEditor.getMxTabbedPaneInstance(CubeMxEditor.java:1198) ~[com.st.stm32cube.common.mx_6.15.0.202507011659/:?]
	at com.st.stm32cube.common.mx.editor.CubeMxEditor$12$1.createSwingComponent(CubeMxEditor.java:1068) ~[com.st.stm32cube.common.mx_6.15.0.202507011659/:?]
	at com.st.stm32cube.common.mx.oss.core.awtswtbridge.EmbeddedSwingComposite.doComponentCreation(EmbeddedSwingComposite.java:492) ~[com.st.stm32cube.common.mx.oss_6.15.0.202507011659/:?]
	at com.st.stm32cube.common.mx.oss.core.awtswtbridge.EmbeddedSwingComposite$4.run(EmbeddedSwingComposite.java:291) ~[com.st.stm32cube.common.mx.oss_6.15.0.202507011659/:?]
	at com.st.stm32cube.common.mx.oss.core.awtswtbridge.AwtEnvironment$2.run(AwtEnvironment.java:166) ~[com.st.stm32cube.common.mx.oss_6.15.0.202507011659/:?]
	at java.awt.event.InvocationEvent.dispatch(InvocationEvent.java:318) ~[?:?]
	at java.awt.EventQueue.dispatchEventImpl(EventQueue.java:773) ~[?:?]
	at java.awt.EventQueue$4.run(EventQueue.java:720) ~[?:?]
	at java.awt.EventQueue$4.run(EventQueue.java:714) ~[?:?]
	at java.security.AccessController.doPrivileged(AccessController.java:400) ~[?:?]
	at java.security.ProtectionDomain$JavaSecurityAccessImpl.doIntersectionPrivilege(ProtectionDomain.java:87) ~[?:?]
	at java.awt.EventQueue.dispatchEvent(EventQueue.java:742) ~[?:?]
	at java.awt.EventDispatchThread.pumpOneEventForFilters(EventDispatchThread.java:203) ~[?:?]
	at java.awt.EventDispatchThread.pumpEventsForFilter(EventDispatchThread.java:124) ~[?:?]
	at java.awt.EventDispatchThread.pumpEventsForHierarchy(EventDispatchThread.java:113) ~[?:?]
	at java.awt.EventDispatchThread.pumpEvents(EventDispatchThread.java:109) ~[?:?]
	at java.awt.EventDispatchThread.pumpEvents(EventDispatchThread.java:101) ~[?:?]
	at java.awt.EventDispatchThread.run(EventDispatchThread.java:90) ~[?:?]
2026-04-04 15:42:54,863 [WARN] ThirdParty:871 - waiting for thirdparty lock release [close project]
2026-04-04 15:42:54,863 [INFO] ThirdParty:873 - entering critical section [close project]
2026-04-04 15:42:54,863 [INFO] ThirdParty:883 - exiting critical section [close project]
2026-04-04 15:42:54,865 [INFO] PinOutPanel:1589 - setPackage(No Configuration,No Configuration)
2026-04-04 15:42:54,874 [INFO] UtilMem:75 - Begin LoadConfig() Used Memory: 759031720 Bytes (1073741824)
2026-04-04 15:42:54,874 [INFO] MicroXplorer:468 - Change Database Path : 
2026-04-04 15:42:54,875 [INFO] MicroXplorer:498 - Change Database Version : DB.6.0.150
2026-04-04 15:42:54,875 [INFO] OpenFileManager:355 - Change cursor
2026-04-04 15:42:54,896 [INFO] RulesReader:64 - Compatibility file has been processed (317 Rules)
2026-04-04 15:42:54,904 [INFO] Mcu:2029 - Initializing MCU STM32G030C(6-8)Tx STM32G030C8Tx STM32G030C8T6TR
2026-04-04 15:42:55,628 [INFO] Context:786 - Trying to add GPIOservice into a context  which must be forbidden
2026-04-04 15:42:56,162 [INFO] ImportTextPane:234 - (OptionalMessage_ERROR) Pin13 (VP_RIF_VS_RIF1) cannot be retrieved for this MCU
2026-04-04 15:42:56,304 [INFO] RtosManager:558 - Registered RTOS mode: class=CMSIS, group=RTOS, mode=CMSIS_V1, owner=FREERTOS
2026-04-04 15:42:56,305 [INFO] RtosManager:558 - Registered RTOS mode: class=CMSIS, group=RTOS2, mode=CMSIS_V2, owner=FREERTOS
2026-04-04 15:42:56,305 [INFO] RtosManager:558 - Registered RTOS mode: class=RTOS, group=Core, mode=CMSIS_V1, owner=FREERTOS
2026-04-04 15:42:56,305 [INFO] RtosManager:558 - Registered RTOS mode: class=RTOS, group=Core, mode=CMSIS_V2, owner=FREERTOS
2026-04-04 15:42:56,305 [WARN] ModelIntegratedComponent:184 - Missing modes for component STMicroelectronics:FreeRTOS:0.0.1:STMicroelectronics:RTOS:FreeRTOS:Core:::10.2.0:
2026-04-04 15:42:56,309 [WARN] ModelIntegratedComponent:63 - No mode defined for component null
2026-04-04 15:42:56,309 [WARN] ModelIntegratedComponent:63 - No mode defined for component null
2026-04-04 15:42:56,309 [WARN] ModelIntegratedComponent:63 - No mode defined for component null
2026-04-04 15:42:56,309 [WARN] ModelIntegratedComponent:63 - No mode defined for component null
2026-04-04 15:42:56,309 [WARN] ModelIntegratedComponent:63 - No mode defined for component null
2026-04-04 15:42:56,309 [WARN] ModelIntegratedComponent:63 - No mode defined for component null
2026-04-04 15:42:56,309 [WARN] ModelIntegratedComponent:63 - No mode defined for component null
2026-04-04 15:42:56,309 [WARN] ModelIntegratedComponent:63 - No mode defined for component null
2026-04-04 15:42:56,309 [WARN] ModelIntegratedComponent:63 - No mode defined for component null
2026-04-04 15:42:56,309 [WARN] ModelIntegratedComponent:63 - No mode defined for component null
2026-04-04 15:42:56,309 [WARN] ModelIntegratedComponent:63 - No mode defined for component null
2026-04-04 15:42:56,309 [WARN] ModelIntegratedComponent:63 - No mode defined for component null
2026-04-04 15:42:56,309 [WARN] ModelIntegratedComponent:63 - No mode defined for component null
2026-04-04 15:42:56,309 [WARN] ModelIntegratedComponent:63 - No mode defined for component null
2026-04-04 15:42:56,309 [WARN] ModelIntegratedComponent:63 - No mode defined for component null
2026-04-04 15:42:56,309 [WARN] ModelIntegratedComponent:63 - No mode defined for component null
2026-04-04 15:42:56,309 [WARN] ModelIntegratedComponent:63 - No mode defined for component null
2026-04-04 15:42:56,309 [WARN] ModelIntegratedComponent:63 - No mode defined for component null
2026-04-04 15:42:56,309 [WARN] ModelIntegratedComponent:63 - No mode defined for component null
2026-04-04 15:42:56,309 [WARN] ModelIntegratedComponent:63 - No mode defined for component null
2026-04-04 15:42:56,309 [WARN] ModelIntegratedComponent:63 - No mode defined for component null
2026-04-04 15:42:56,309 [WARN] ModelIntegratedComponent:63 - No mode defined for component null
2026-04-04 15:42:56,309 [WARN] ModelIntegratedComponent:63 - No mode defined for component null
2026-04-04 15:42:56,310 [WARN] ModelIntegratedComponent:63 - No mode defined for component null
2026-04-04 15:42:56,310 [WARN] ModelIntegratedComponent:63 - No mode defined for component null
2026-04-04 15:42:56,310 [WARN] ModelIntegratedComponent:63 - No mode defined for component null
2026-04-04 15:42:56,310 [WARN] ModelIntegratedComponent:63 - No mode defined for component null
2026-04-04 15:42:56,310 [WARN] ModelIntegratedComponent:63 - No mode defined for component null
2026-04-04 15:42:56,310 [WARN] ModelIntegratedComponent:63 - No mode defined for component null
2026-04-04 15:42:56,310 [WARN] ModelIntegratedComponent:63 - No mode defined for component null
2026-04-04 15:42:56,310 [WARN] ModelIntegratedComponent:63 - No mode defined for component null
2026-04-04 15:42:56,310 [WARN] ModelIntegratedComponent:63 - No mode defined for component null
2026-04-04 15:42:56,310 [WARN] ModelIntegratedComponent:63 - No mode defined for component null
2026-04-04 15:42:56,310 [WARN] ModelIntegratedComponent:63 - No mode defined for component null
2026-04-04 15:42:56,310 [WARN] ModelIntegratedComponent:63 - No mode defined for component null
2026-04-04 15:42:56,310 [WARN] ModelPack:524 - Component already loaded: STMicroelectronics:HAL Drivers:0.0.0:STMicroelectronics:Device:STMicro_Driver:XSPI:HAL::0.0.1:HAL_XSPI
2026-04-04 15:42:56,446 [INFO] ThirdPartyModel:298 - Start build external matchings
2026-04-04 15:42:57,827 [INFO] ThirdPartyModel:316 - End build external matchings
2026-04-04 15:42:57,870 [INFO] ImportTextPane:234 - (OptionalMessage_ERROR) IP (RCC) : Parameter (ADCFreq_Value) has invalid value (64000000)
2026-04-04 15:42:57,870 [INFO] ImportTextPane:234 - (OptionalMessage_ERROR) IP (RCC) : Invalid parameter (FamilyName)
2026-04-04 15:42:57,871 [INFO] ImportTextPane:234 - (OptionalMessage_ERROR) IP (RCC) : Parameter (PLLPoutputFreq_Value) has invalid value (64000000)
2026-04-04 15:42:58,013 [INFO] UtilMem:75 - End LoadConfig() Used Memory: 862083344 Bytes (1073741824)
2026-04-04 15:42:58,058 [WARN] ThirdParty:833 - waiting for thirdparty lock release [change project]
2026-04-04 15:42:58,059 [INFO] ThirdParty:835 - entering critical section [change project]
2026-04-04 15:42:58,059 [INFO] ThirdParty:1030 - CMSIS Pack Vendor :STMicroelectronics X-CUBE-AZRTOS-H7 3.5.0
2026-04-04 15:42:58,059 [INFO] ThirdParty:1030 - CMSIS Pack Vendor :STMicroelectronics X-CUBE-PM33A1 1.0.0
2026-04-04 15:42:58,059 [INFO] ThirdParty:1030 - CMSIS Pack Vendor :STMicroelectronics USBPD 4.1
2026-04-04 15:42:58,059 [INFO] ThirdParty:1030 - CMSIS Pack Vendor :STMicroelectronics X-CUBE-GNSS1 6.0.0
2026-04-04 15:42:58,059 [INFO] ThirdParty:1030 - CMSIS Pack Vendor :STMicroelectronics USB_HOST 2.0.0
2026-04-04 15:42:58,059 [INFO] ThirdParty:1030 - CMSIS Pack Vendor :STMicroelectronics FP-SNS-MOTENVWB1 1.4.0
2026-04-04 15:42:58,059 [INFO] ThirdParty:1030 - CMSIS Pack Vendor :STMicroelectronics X-CUBE-AZRTOS-F4 1.1.0
2026-04-04 15:42:58,059 [INFO] ThirdParty:1030 - CMSIS Pack Vendor :STMicroelectronics LIBJPEG 8.0.0
2026-04-04 15:42:58,059 [INFO] ThirdParty:1030 - CMSIS Pack Vendor :STMicroelectronics FP-ATR-ASTRA1 2.0.2
2026-04-04 15:42:58,059 [INFO] ThirdParty:1030 - CMSIS Pack Vendor :STMicroelectronics X-CUBE-SMBUS 2.1.0
2026-04-04 15:42:58,059 [INFO] ThirdParty:1030 - CMSIS Pack Vendor :STMicroelectronics X-CUBE-ISPU 2.1.0
2026-04-04 15:42:58,059 [INFO] ThirdParty:1030 - CMSIS Pack Vendor :STMicroelectronics X-CUBE-IPS 3.2.0
2026-04-04 15:42:58,059 [INFO] ThirdParty:1030 - CMSIS Pack Vendor :STMicroelectronics X-CUBE-FREERTOS 1.2.0
2026-04-04 15:42:58,059 [INFO] ThirdParty:1030 - CMSIS Pack Vendor :STMicroelectronics X-CUBE-NFC12 1.0.0
2026-04-04 15:42:58,059 [INFO] ThirdParty:1030 - CMSIS Pack Vendor :STMicroelectronics X-CUBE-TOUCHGFX 4.23.2
2026-04-04 15:42:58,059 [INFO] ThirdParty:1030 - CMSIS Pack Vendor :STMicroelectronics X-CUBE-AZRTOS-F7 1.1.0
2026-04-04 15:42:58,059 [INFO] ThirdParty:1030 - CMSIS Pack Vendor :STMicroelectronics X-CUBE-AZRTOS-L5 2.0.0
2026-04-04 15:42:58,060 [INFO] ThirdParty:1030 - CMSIS Pack Vendor :STMicroelectronics USB_DEVICE 2.0.0
2026-04-04 15:42:58,060 [INFO] ThirdParty:1030 - CMSIS Pack Vendor :STMicroelectronics X-CUBE-NFC6 3.1.0
2026-04-04 15:42:58,060 [INFO] ThirdParty:1030 - CMSIS Pack Vendor :STMicroelectronics X-CUBE-MEMS1 11.0.0
2026-04-04 15:42:58,060 [INFO] ThirdParty:1030 - CMSIS Pack Vendor :STMicroelectronics FP-SNS-MOTENV1 5.1.0
2026-04-04 15:42:58,060 [INFO] ThirdParty:1030 - CMSIS Pack Vendor :STMicroelectronics FreeRTOS 0.0.1
2026-04-04 15:42:58,060 [INFO] ThirdParty:1030 - CMSIS Pack Vendor :STMicroelectronics X-CUBE-DPower 1.2.0
2026-04-04 15:42:58,060 [INFO] ThirdParty:1030 - CMSIS Pack Vendor :STMicroelectronics FP-SNS-FLIGHT1 5.0.2
2026-04-04 15:42:58,060 [INFO] ThirdParty:1030 - CMSIS Pack Vendor :STMicroelectronics X-CUBE-AI 9.0.0
2026-04-04 15:42:58,060 [INFO] ThirdParty:1030 - CMSIS Pack Vendor :STMicroelectronics PDM2PCM 3.3.0
2026-04-04 15:42:58,060 [INFO] ThirdParty:1030 - CMSIS Pack Vendor :STMicroelectronics X-CUBE-AZRTOS-H7 3.4.0
2026-04-04 15:42:58,060 [INFO] ThirdParty:1030 - CMSIS Pack Vendor :STMicroelectronics X-CUBE-DISPLAY 3.0.0
2026-04-04 15:42:58,060 [INFO] ThirdParty:1030 - CMSIS Pack Vendor :STMicroelectronics FP-SNS-MOTENVWB1 1.5.0
2026-04-04 15:42:58,060 [INFO] ThirdParty:1030 - CMSIS Pack Vendor :STMicroelectronics X-CUBE-BLE1 7.0.0
2026-04-04 15:42:58,060 [INFO] ThirdParty:1030 - CMSIS Pack Vendor :STMicroelectronics X-CUBE-NFC10 1.0.0
2026-04-04 15:42:58,060 [INFO] ThirdParty:1030 - CMSIS Pack Vendor :STMicroelectronics HAL Drivers 0.0.0
2026-04-04 15:42:58,060 [INFO] ThirdParty:1030 - CMSIS Pack Vendor :STMicroelectronics X-CUBE-ST60 1.1.0
2026-04-04 15:42:58,060 [INFO] ThirdParty:1030 - CMSIS Pack Vendor :emotas I-CUBE-CANOPEN 1.3.0
2026-04-04 15:42:58,060 [INFO] ThirdParty:1030 - CMSIS Pack Vendor :STMicroelectronics X-CUBE-NFC7 1.0.1
2026-04-04 15:42:58,060 [INFO] ThirdParty:1030 - CMSIS Pack Vendor :STMicroelectronics MBEDTLS 2.14.1
2026-04-04 15:42:58,060 [INFO] ThirdParty:1030 - CMSIS Pack Vendor :STMicroelectronics X-CUBE-GNSS1 7.1.0
2026-04-04 15:42:58,060 [INFO] ThirdParty:1030 - CMSIS Pack Vendor :STMicroelectronics X-CUBE-TOUCHGFX 4.26.0
2026-04-04 15:42:58,060 [INFO] ThirdParty:1030 - CMSIS Pack Vendor :STMicroelectronics X-CUBE-TOUCHGFX 4.26.1
2026-04-04 15:42:58,060 [INFO] ThirdParty:1030 - CMSIS Pack Vendor :STMicroelectronics X-CUBE-BLEMGR 3.1.0
2026-04-04 15:42:58,060 [INFO] ThirdParty:1030 - CMSIS Pack Vendor :STMicroelectronics FP-SNS-STBOX1 2.1.0
2026-04-04 15:42:58,060 [INFO] ThirdParty:1030 - CMSIS Pack Vendor :STMicroelectronics FP-SNS-STAIOTCFT 1.0.0
2026-04-04 15:42:58,060 [INFO] ThirdParty:1030 - CMSIS Pack Vendor :STMicroelectronics FP-SNS-SMARTAG2 1.2.0
2026-04-04 15:42:58,060 [INFO] ThirdParty:1030 - CMSIS Pack Vendor :STMicroelectronics FP-SNS-FLIGHT1 5.1.0
2026-04-04 15:42:58,060 [INFO] ThirdParty:1030 - CMSIS Pack Vendor :STMicroelectronics X-CUBE-AZRTOS-WL 2.0.0
2026-04-04 15:42:58,060 [INFO] ThirdParty:1030 - CMSIS Pack Vendor :STMicroelectronics X-CUBE-DPower 1.3.0
2026-04-04 15:42:58,060 [INFO] ThirdParty:1030 - CMSIS Pack Vendor :STMicroelectronics FP-SNS-MOTENV1 5.0.0
2026-04-04 15:42:58,060 [INFO] ThirdParty:1030 - CMSIS Pack Vendor :STMicroelectronics USB_DEVICE 1.0.0
2026-04-04 15:42:58,061 [INFO] ThirdParty:1030 - CMSIS Pack Vendor :STMicroelectronics X-CUBE-AZRTOS-H7RS 1.2.0
2026-04-04 15:42:58,061 [INFO] ThirdParty:1030 - CMSIS Pack Vendor :wolfSSL I-CUBE-wolfMQTT 1.19.0
2026-04-04 15:42:58,061 [INFO] ThirdParty:1030 - CMSIS Pack Vendor :STMicroelectronics X-CUBE-AZRTOS-L4 2.0.0
2026-04-04 15:42:58,061 [INFO] ThirdParty:1030 - CMSIS Pack Vendor :STMicroelectronics ThreadX 0.0.2
2026-04-04 15:42:58,061 [INFO] ThirdParty:1030 - CMSIS Pack Vendor :WES I-CUBE-Cesium 1.3.0
2026-04-04 15:42:58,061 [INFO] ThirdParty:1030 - CMSIS Pack Vendor :STMicroelectronics lwIP 2.1.2
2026-04-04 15:42:58,061 [INFO] ThirdParty:1030 - CMSIS Pack Vendor :STMicroelectronics X-CUBE-SFXS2LP1 4.0.0
2026-04-04 15:42:58,061 [INFO] ThirdParty:1030 - CMSIS Pack Vendor :STMicroelectronics X-CUBE-BLE2 3.3.0
2026-04-04 15:42:58,061 [INFO] ThirdParty:1030 - CMSIS Pack Vendor :Avnet-IOTCONNECT X-CUBE-iotc-st67-sdk 1.0.0
2026-04-04 15:42:58,061 [INFO] ThirdParty:1030 - CMSIS Pack Vendor :STMicroelectronics PDM2PCM 3.2.0
2026-04-04 15:42:58,061 [INFO] ThirdParty:1030 - CMSIS Pack Vendor :STMicroelectronics X-CUBE-ST67W61 1.2.0
2026-04-04 15:42:58,061 [INFO] ThirdParty:1030 - CMSIS Pack Vendor :STMicroelectronics X-CUBE-AZRTOS-H7 3.3.0
2026-04-04 15:42:58,061 [INFO] ThirdParty:1030 - CMSIS Pack Vendor :STMicroelectronics X-CUBE-NFC9 1.0.0
2026-04-04 15:42:58,061 [INFO] ThirdParty:1030 - CMSIS Pack Vendor :STMicroelectronics X-CUBE-BLE1 7.1.0
2026-04-04 15:42:58,061 [INFO] ThirdParty:1030 - CMSIS Pack Vendor :STMicroelectronics USB_DEVICE 3.0.0
2026-04-04 15:42:58,061 [INFO] ThirdParty:1030 - CMSIS Pack Vendor :STMicroelectronics X-CUBE-TCPP 4.1.0
2026-04-04 15:42:58,061 [INFO] ThirdParty:1030 - CMSIS Pack Vendor :STMicroelectronics X-CUBE-FREERTOS 1.4.0
2026-04-04 15:42:58,061 [INFO] ThirdParty:1030 - CMSIS Pack Vendor :STMicroelectronics X-CUBE-EEPRMA1 5.2.0
2026-04-04 15:42:58,061 [INFO] ThirdParty:1030 - CMSIS Pack Vendor :STMicroelectronics X-CUBE-BLEMGR 4.1.0
2026-04-04 15:42:58,061 [INFO] ThirdParty:1030 - CMSIS Pack Vendor :STMicroelectronics X-CUBE-AZRTOS-WB 2.0.0
2026-04-04 15:42:58,061 [INFO] ThirdParty:1030 - CMSIS Pack Vendor :STMicroelectronics X-CUBE-ST67W61 1.1.0
2026-04-04 15:42:58,062 [INFO] ThirdParty:1030 - CMSIS Pack Vendor :STMicroelectronics FP-SNS-STBOX1 2.0.0
2026-04-04 15:42:58,062 [INFO] ThirdParty:1030 - CMSIS Pack Vendor :quantropi X-CUBE-qispace-sdk-base 2.1.0
2026-04-04 15:42:58,062 [INFO] ThirdParty:1030 - CMSIS Pack Vendor :STMicroelectronics X-CUBE-MEMS1 12.0.0
2026-04-04 15:42:58,062 [INFO] ThirdParty:1030 - CMSIS Pack Vendor :STMicroelectronics X-CUBE-ALGOBUILD 1.3.0
2026-04-04 15:42:58,062 [INFO] ThirdParty:1030 - CMSIS Pack Vendor :STMicroelectronics X-CUBE-STSE01 2.0.0
2026-04-04 15:42:58,062 [INFO] ThirdParty:1030 - CMSIS Pack Vendor :STMicroelectronics X-CUBE-AZRTOS-G0 1.1.0
2026-04-04 15:42:58,062 [INFO] ThirdParty:1030 - CMSIS Pack Vendor :STMicroelectronics X-CUBE-SAFEA1 1.2.2
2026-04-04 15:42:58,062 [INFO] ThirdParty:1030 - CMSIS Pack Vendor :STMicroelectronics X-CUBE-NFC4 3.0.0
2026-04-04 15:42:58,062 [INFO] ThirdParty:1030 - CMSIS Pack Vendor :STMicroelectronics X-CUBE-SUBG2 5.0.0
2026-04-04 15:42:58,062 [INFO] ThirdParty:1030 - CMSIS Pack Vendor :STMicroelectronics STM32_WPAN 1.0.0
2026-04-04 15:42:58,062 [INFO] ThirdParty:1030 - CMSIS Pack Vendor :EmbeddedOffice I-CUBE-FS-RTOS 1.0.1
2026-04-04 15:42:58,062 [INFO] ThirdParty:1030 - CMSIS Pack Vendor :STMicroelectronics lwIP 2.0.3
2026-04-04 15:42:58,062 [INFO] ThirdParty:1030 - CMSIS Pack Vendor :STMicroelectronics USB_HOST 1.0.0
2026-04-04 15:42:58,062 [INFO] ThirdParty:1030 - CMSIS Pack Vendor :STMicroelectronics X-CUBE-AZRTOS-G4 2.0.0
2026-04-04 15:42:58,062 [INFO] ThirdParty:1030 - CMSIS Pack Vendor :STMicroelectronics X-CUBE-WB05N 2.0.0
2026-04-04 15:42:58,063 [INFO] ThirdParty:1030 - CMSIS Pack Vendor :STMicroelectronics PDM2PCM 3.1.0
2026-04-04 15:42:58,063 [INFO] ThirdParty:1030 - CMSIS Pack Vendor :STMicroelectronics X-CUBE-NFC7 2.0.0
2026-04-04 15:42:58,063 [INFO] ThirdParty:1030 - CMSIS Pack Vendor :STMicroelectronics X-CUBE-TCPP 4.2.0
2026-04-04 15:42:58,063 [INFO] ThirdParty:1030 - CMSIS Pack Vendor :RealThread X-CUBE-RT-Thread_Nano 4.1.1
2026-04-04 15:42:58,063 [INFO] ThirdParty:1030 - CMSIS Pack Vendor :wolfSSL I-CUBE-wolfSSL 5.7.0
2026-04-04 15:42:58,063 [INFO] ThirdParty:1030 - CMSIS Pack Vendor :STMicroelectronics FP-ATR-SIGFOX1 3.2.0
2026-04-04 15:42:58,063 [INFO] ThirdParty:1030 - CMSIS Pack Vendor :STMicroelectronics X-CUBE-ISPU 2.0.0
2026-04-04 15:42:58,063 [INFO] ThirdParty:1030 - CMSIS Pack Vendor :STMicroelectronics X-CUBE-EEPRMA1 5.1.0
2026-04-04 15:42:58,063 [INFO] ThirdParty:1030 - CMSIS Pack Vendor :STMicroelectronics X-CUBE-FREERTOS 1.5.0
2026-04-04 15:42:58,063 [INFO] ThirdParty:1030 - CMSIS Pack Vendor :STMicroelectronics MBEDTLS 2.16.2
2026-04-04 15:42:58,063 [INFO] ThirdParty:1030 - CMSIS Pack Vendor :STMicroelectronics X-CUBE-ALS 1.0.2
2026-04-04 15:42:58,063 [INFO] ThirdParty:1030 - CMSIS Pack Vendor :STMicroelectronics X-CUBE-MEMS1 10.0.0
2026-04-04 15:42:58,063 [INFO] ThirdParty:1030 - CMSIS Pack Vendor :STMicroelectronics X-CUBE-TOUCHGFX 4.24.0
2026-04-04 15:42:58,063 [INFO] ThirdParty:1030 - CMSIS Pack Vendor :ITTIA_DB I-CUBE-ITTIADB 8.9.0
2026-04-04 15:42:58,063 [INFO] ThirdParty:1030 - CMSIS Pack Vendor :STMicroelectronics X-CUBE-STSE01 1.0.0
2026-04-04 15:42:58,063 [INFO] ThirdParty:1030 - CMSIS Pack Vendor :wolfSSL I-CUBE-wolfTPM 3.4.0
2026-04-04 15:42:58,063 [INFO] ThirdParty:1030 - CMSIS Pack Vendor :portGmbH I-Cube-SoM-uGOAL 1.1.0
2026-04-04 15:42:58,064 [INFO] ThirdParty:1030 - CMSIS Pack Vendor :STMicroelectronics X-CUBE-ALS 1.0.1
2026-04-04 15:42:58,064 [INFO] ThirdParty:1030 - CMSIS Pack Vendor :STMicroelectronics X-CUBE-NFC6 3.2.0
2026-04-04 15:42:58,064 [INFO] ThirdParty:1030 - CMSIS Pack Vendor :STMicroelectronics X-CUBE-AI 10.2.0
2026-04-04 15:42:58,064 [INFO] ThirdParty:1030 - CMSIS Pack Vendor :STMicroelectronics ThreadX 1.0.0
2026-04-04 15:42:58,064 [INFO] ThirdParty:1030 - CMSIS Pack Vendor :SEGGER I-CUBE-embOS 1.3.1
2026-04-04 15:42:58,064 [INFO] ThirdParty:1030 - CMSIS Pack Vendor :STMicroelectronics X-CUBE-ALGOBUILD 1.4.0
2026-04-04 15:42:58,064 [INFO] ThirdParty:1030 - CMSIS Pack Vendor :STMicroelectronics X-CUBE-AZRTOS-H7RS 1.0.0
2026-04-04 15:42:58,064 [INFO] ThirdParty:1030 - CMSIS Pack Vendor :STMicroelectronics FP-ATR-ASTRA1 2.0.0
2026-04-04 15:42:58,064 [INFO] ThirdParty:1030 - CMSIS Pack Vendor :STMicroelectronics X-CUBE-TOF1 3.4.2
2026-04-04 15:42:58,064 [INFO] ThirdParty:1030 - CMSIS Pack Vendor :STMicroelectronics X-CUBE-TOF1 3.4.3
2026-04-04 15:42:58,064 [INFO] ThirdParty:1030 - CMSIS Pack Vendor :STMicroelectronics X-CUBE-TOF1 3.4.1
2026-04-04 15:42:58,064 [INFO] ThirdParty:1030 - CMSIS Pack Vendor :STMicroelectronics X-CUBE-AZRTOS-H7 3.2.0
2026-04-04 15:42:58,064 [INFO] ThirdParty:1030 - CMSIS Pack Vendor :Infineon AIROC-Wi-Fi-Bluetooth-STM32 1.6.0
2026-04-04 15:42:58,064 [INFO] ThirdParty:1030 - CMSIS Pack Vendor :wolfSSL I-CUBE-wolfSSH 1.4.17
2026-04-04 15:42:58,064 [INFO] ThirdParty:841 - exiting critical section [change project]
2026-04-04 15:42:58,209 [INFO] PinOutPanel:1589 - setPackage(No Configuration,No Configuration)
2026-04-04 15:42:58,210 [INFO] PinOutPanel:1589 - setPackage(STM32G030C8Tx,LQFP48)
2026-04-04 15:42:58,519 [INFO] UtilMem:75 - Before build in PCC Used Memory: 769145576 Bytes (1073741824)
2026-04-04 15:42:59,096 [INFO] UtilMem:75 - After build in PCC Used Memory: 838351592 Bytes (1073741824)
2026-04-04 15:42:59,126 [INFO] IPUIPlugin:80 - create IPUIPlugin
2026-04-04 15:42:59,126 [INFO] IPUIPlugin:80 - create IPUIPlugin
2026-04-04 15:42:59,126 [INFO] IPUIPlugin:80 - create IPUIPlugin
2026-04-04 15:42:59,126 [INFO] IPUIPlugin:80 - create IPUIPlugin
2026-04-04 15:42:59,127 [INFO] IPUIPlugin:80 - create IPUIPlugin
2026-04-04 15:42:59,127 [INFO] IPUIPlugin:80 - create IPUIPlugin
2026-04-04 15:42:59,127 [INFO] IPUIPlugin:80 - create IPUIPlugin
2026-04-04 15:42:59,127 [INFO] IPUIPlugin:80 - create IPUIPlugin
2026-04-04 15:42:59,127 [INFO] IPUIPlugin:80 - create IPUIPlugin
2026-04-04 15:42:59,127 [INFO] IPUIPlugin:80 - create IPUIPlugin
2026-04-04 15:42:59,128 [INFO] IPUIPlugin:80 - create IPUIPlugin
2026-04-04 15:42:59,128 [INFO] IPUIPlugin:80 - create IPUIPlugin
2026-04-04 15:42:59,128 [INFO] IPUIPlugin:80 - create IPUIPlugin
2026-04-04 15:42:59,128 [INFO] IPUIPlugin:80 - create IPUIPlugin
2026-04-04 15:42:59,129 [INFO] IPUIPlugin:80 - create IPUIPlugin
2026-04-04 15:42:59,129 [INFO] IPUIPlugin:80 - create IPUIPlugin
2026-04-04 15:42:59,129 [INFO] IPUIPlugin:80 - create IPUIPlugin
2026-04-04 15:42:59,129 [INFO] IPUIPlugin:80 - create IPUIPlugin
2026-04-04 15:42:59,129 [INFO] IPUIPlugin:80 - create IPUIPlugin
2026-04-04 15:42:59,130 [INFO] IPUIPlugin:80 - create IPUIPlugin
2026-04-04 15:42:59,130 [INFO] IPUIPlugin:80 - create IPUIPlugin
2026-04-04 15:42:59,130 [INFO] IPUIPlugin:80 - create IPUIPlugin
2026-04-04 15:42:59,130 [INFO] IPUIPlugin:80 - create IPUIPlugin
2026-04-04 15:42:59,130 [INFO] IPUIPlugin:80 - create IPUIPlugin
2026-04-04 15:42:59,131 [INFO] IPUIPlugin:80 - create IPUIPlugin
2026-04-04 15:42:59,210 [INFO] CADModel:165 - CPN selected for project levelSTM32G030C8T6TR
2026-04-04 15:42:59,210 [INFO] CADModel:114 - Register for checkConnection events
2026-04-04 15:42:59,272 [INFO] OpenFileManager:386 - Restore cursor
2026-04-04 18:30:51,800 [INFO] WebApp:194 - Connection lost
2026-04-04 18:30:52,053 [INFO] WebApp:191 - Connection restablished
